[debug] [2024-08-15T07:04:37.253Z] ----------------------------------------------------------------------
[debug] [2024-08-15T07:04:37.255Z] Command:       /usr/local/bin/node /usr/local/bin/firebase init functions
[debug] [2024-08-15T07:04:37.255Z] CLI Version:   13.15.0
[debug] [2024-08-15T07:04:37.255Z] Platform:      darwin
[debug] [2024-08-15T07:04:37.255Z] Node Version:  v20.16.0
[debug] [2024-08-15T07:04:37.255Z] Time:          Thu Aug 15 2024 16:04:37 GMT+0900 (Korean Standard Time)
[debug] [2024-08-15T07:04:37.255Z] ----------------------------------------------------------------------
[debug] 
[debug] [2024-08-15T07:04:37.292Z] > command requires scopes: ["email","openid","https://www.googleapis.com/auth/cloudplatformprojects.readonly","https://www.googleapis.com/auth/firebase","https://www.googleapis.com/auth/cloud-platform"]
[debug] [2024-08-15T07:04:37.292Z] > authorizing via signed-in user (noah.taehwan@gmail.com)
[info] 
     ######## #### ########  ######## ########     ###     ######  ########
     ##        ##  ##     ## ##       ##     ##  ##   ##  ##       ##
     ######    ##  ########  ######   ########  #########  ######  ######
     ##        ##  ##    ##  ##       ##     ## ##     ##       ## ##
     ##       #### ##     ## ######## ########  ##     ##  ######  ########

You're about to initialize a Firebase project in this directory:

  /Users/noah/Documents/Documents - Noah(Personal)/coding/onevdr-mvp

Before we get started, keep in mind:

  * You are initializing within an existing Firebase project directory

[info] 
=== Project Setup
[info] 
[info] First, let's associate this project directory with a Firebase project.
[info] You can create multiple project aliases by running firebase use --add, 
[info] but for now we'll just set up a default project.
[info] 
[debug] [2024-08-15T07:04:37.294Z] Using project from CLI flag: onevdr-mvp-c46ff
[debug] [2024-08-15T07:04:37.295Z] >>> [apiv2][query] GET https://firebase.googleapis.com/v1beta1/projects/onevdr-mvp-c46ff [none]
[debug] [2024-08-15T07:04:37.725Z] <<< [apiv2][status] GET https://firebase.googleapis.com/v1beta1/projects/onevdr-mvp-c46ff 200
[debug] [2024-08-15T07:04:37.725Z] <<< [apiv2][body] GET https://firebase.googleapis.com/v1beta1/projects/onevdr-mvp-c46ff {"projectId":"onevdr-mvp-c46ff","projectNumber":"243161857142","displayName":"OneVDR","name":"projects/onevdr-mvp-c46ff","resources":{"hostingSite":"onevdr-mvp-c46ff","storageBucket":"onevdr-mvp-c46ff.appspot.com","locationId":"us-central"},"state":"ACTIVE","etag":"1_98faddb3-4a5c-4f47-b7f7-eed0680c144c"}
[info] i  Using project onevdr-mvp-c46ff (OneVDR) 
[info] 
=== Functions Setup
[debug] [2024-08-15T07:04:37.733Z] > command requires scopes: ["email","openid","https://www.googleapis.com/auth/cloudplatformprojects.readonly","https://www.googleapis.com/auth/firebase","https://www.googleapis.com/auth/cloud-platform"]
[debug] [2024-08-15T07:04:37.733Z] > authorizing via signed-in user (noah.taehwan@gmail.com)
[debug] [2024-08-15T07:04:37.733Z] [iam] checking project onevdr-mvp-c46ff for permissions ["firebase.projects.get"]
[debug] [2024-08-15T07:04:37.734Z] >>> [apiv2][query] POST https://cloudresourcemanager.googleapis.com/v1/projects/onevdr-mvp-c46ff:testIamPermissions [none]
[debug] [2024-08-15T07:04:37.734Z] >>> [apiv2][(partial)header] POST https://cloudresourcemanager.googleapis.com/v1/projects/onevdr-mvp-c46ff:testIamPermissions x-goog-quota-user=projects/onevdr-mvp-c46ff
[debug] [2024-08-15T07:04:37.734Z] >>> [apiv2][body] POST https://cloudresourcemanager.googleapis.com/v1/projects/onevdr-mvp-c46ff:testIamPermissions {"permissions":["firebase.projects.get"]}
[debug] [2024-08-15T07:04:37.999Z] <<< [apiv2][status] POST https://cloudresourcemanager.googleapis.com/v1/projects/onevdr-mvp-c46ff:testIamPermissions 200
[debug] [2024-08-15T07:04:37.999Z] <<< [apiv2][body] POST https://cloudresourcemanager.googleapis.com/v1/projects/onevdr-mvp-c46ff:testIamPermissions {"permissions":["firebase.projects.get"]}
[debug] [2024-08-15T07:04:38.000Z] >>> [apiv2][query] GET https://serviceusage.googleapis.com/v1/projects/onevdr-mvp-c46ff/services/cloudfunctions.googleapis.com [none]
[debug] [2024-08-15T07:04:38.000Z] >>> [apiv2][(partial)header] GET https://serviceusage.googleapis.com/v1/projects/onevdr-mvp-c46ff/services/cloudfunctions.googleapis.com x-goog-quota-user=projects/onevdr-mvp-c46ff
[debug] [2024-08-15T07:04:38.000Z] >>> [apiv2][query] GET https://serviceusage.googleapis.com/v1/projects/onevdr-mvp-c46ff/services/runtimeconfig.googleapis.com [none]
[debug] [2024-08-15T07:04:38.000Z] >>> [apiv2][(partial)header] GET https://serviceusage.googleapis.com/v1/projects/onevdr-mvp-c46ff/services/runtimeconfig.googleapis.com x-goog-quota-user=projects/onevdr-mvp-c46ff
[debug] [2024-08-15T07:04:39.105Z] <<< [apiv2][status] GET https://serviceusage.googleapis.com/v1/projects/onevdr-mvp-c46ff/services/cloudfunctions.googleapis.com 200
[debug] [2024-08-15T07:04:39.105Z] <<< [apiv2][body] GET https://serviceusage.googleapis.com/v1/projects/onevdr-mvp-c46ff/services/cloudfunctions.googleapis.com [omitted]
[debug] [2024-08-15T07:04:39.105Z] <<< [apiv2][status] GET https://serviceusage.googleapis.com/v1/projects/onevdr-mvp-c46ff/services/runtimeconfig.googleapis.com 200
[debug] [2024-08-15T07:04:39.106Z] <<< [apiv2][body] GET https://serviceusage.googleapis.com/v1/projects/onevdr-mvp-c46ff/services/runtimeconfig.googleapis.com [omitted]
[info] 
Detected existing codebase(s): default

[info] 
Overwriting codebase default...

